<?xml version="1.0" encoding="UTF-8"?>
<testng-results ignored="0" total="15" passed="15" failed="0" skipped="0">
  <reporter-output>
  </reporter-output>
  <suite started-at="2021-06-27T20:11:23 IST" name="Free CRM PRO Application Automation Test Suite" finished-at="2021-06-27T20:17:09 IST" duration-ms="345895">
    <groups>
    </groups>
    <test started-at="2021-06-27T20:11:23 IST" name="Free CRM PRO Tests" finished-at="2021-06-27T20:17:09 IST" duration-ms="345895">
      <class name="com.crm.qa.tests.LoginPageTest">
        <test-method is-config="true" signature="setUp()[pri:0, instance:com.crm.qa.tests.LoginPageTest@fa49800]" started-at="2021-06-27T20:11:24 IST" name="setUp" finished-at="2021-06-27T20:11:37 IST" duration-ms="13560" status="PASS">
          <reporter-output>
          </reporter-output>
        </test-method> <!-- setUp -->
        <test-method signature="loginPageTitleTest()[pri:1, instance:com.crm.qa.tests.LoginPageTest@fa49800]" started-at="2021-06-27T20:11:37 IST" name="loginPageTitleTest" finished-at="2021-06-27T20:11:37 IST" duration-ms="281" status="PASS">
          <reporter-output>
          </reporter-output>
        </test-method> <!-- loginPageTitleTest -->
        <test-method is-config="true" signature="tearDown()[pri:0, instance:com.crm.qa.tests.LoginPageTest@fa49800]" started-at="2021-06-27T20:11:37 IST" name="tearDown" finished-at="2021-06-27T20:11:39 IST" duration-ms="1295" status="PASS">
          <reporter-output>
          </reporter-output>
        </test-method> <!-- tearDown -->
        <test-method is-config="true" signature="setUp()[pri:0, instance:com.crm.qa.tests.LoginPageTest@fa49800]" started-at="2021-06-27T20:11:39 IST" name="setUp" finished-at="2021-06-27T20:11:51 IST" duration-ms="12653" status="PASS">
          <reporter-output>
          </reporter-output>
        </test-method> <!-- setUp -->
        <test-method signature="CRMLogoImageTest()[pri:2, instance:com.crm.qa.tests.LoginPageTest@fa49800]" started-at="2021-06-27T20:11:51 IST" name="CRMLogoImageTest" finished-at="2021-06-27T20:11:52 IST" duration-ms="555" status="PASS">
          <reporter-output>
          </reporter-output>
        </test-method> <!-- CRMLogoImageTest -->
        <test-method is-config="true" signature="tearDown()[pri:0, instance:com.crm.qa.tests.LoginPageTest@fa49800]" started-at="2021-06-27T20:11:52 IST" name="tearDown" finished-at="2021-06-27T20:11:54 IST" duration-ms="2290" status="PASS">
          <reporter-output>
          </reporter-output>
        </test-method> <!-- tearDown -->
        <test-method is-config="true" signature="setUp()[pri:0, instance:com.crm.qa.tests.LoginPageTest@fa49800]" started-at="2021-06-27T20:11:54 IST" name="setUp" finished-at="2021-06-27T20:12:04 IST" duration-ms="9863" status="PASS">
          <reporter-output>
          </reporter-output>
        </test-method> <!-- setUp -->
        <test-method signature="loginTest()[pri:3, instance:com.crm.qa.tests.LoginPageTest@fa49800]" started-at="2021-06-27T20:12:04 IST" name="loginTest" finished-at="2021-06-27T20:12:15 IST" duration-ms="11305" status="PASS">
          <reporter-output>
          </reporter-output>
        </test-method> <!-- loginTest -->
        <test-method is-config="true" signature="tearDown()[pri:0, instance:com.crm.qa.tests.LoginPageTest@fa49800]" started-at="2021-06-27T20:12:15 IST" name="tearDown" finished-at="2021-06-27T20:12:16 IST" duration-ms="976" status="PASS">
          <reporter-output>
          </reporter-output>
        </test-method> <!-- tearDown -->
      </class> <!-- com.crm.qa.tests.LoginPageTest -->
      <class name="com.crm.qa.tests.HomePageTest">
        <test-method is-config="true" signature="setUp()[pri:0, instance:com.crm.qa.tests.HomePageTest@2ed2d9cb]" started-at="2021-06-27T20:12:16 IST" name="setUp" finished-at="2021-06-27T20:12:36 IST" duration-ms="19457" status="PASS">
          <reporter-output>
          </reporter-output>
        </test-method> <!-- setUp -->
        <test-method signature="homePageTitleTest()[pri:1, instance:com.crm.qa.tests.HomePageTest@2ed2d9cb]" started-at="2021-06-27T20:12:36 IST" name="homePageTitleTest" finished-at="2021-06-27T20:12:36 IST" duration-ms="31" status="PASS">
          <reporter-output>
          </reporter-output>
        </test-method> <!-- homePageTitleTest -->
        <test-method is-config="true" signature="tearDown()[pri:0, instance:com.crm.qa.tests.HomePageTest@2ed2d9cb]" started-at="2021-06-27T20:12:36 IST" name="tearDown" finished-at="2021-06-27T20:12:37 IST" duration-ms="1003" status="PASS">
          <reporter-output>
          </reporter-output>
        </test-method> <!-- tearDown -->
        <test-method is-config="true" signature="setUp()[pri:0, instance:com.crm.qa.tests.HomePageTest@2ed2d9cb]" started-at="2021-06-27T20:12:37 IST" name="setUp" finished-at="2021-06-27T20:12:54 IST" duration-ms="16721" status="PASS">
          <reporter-output>
          </reporter-output>
        </test-method> <!-- setUp -->
        <test-method signature="CRMPROLogoImageTest()[pri:2, instance:com.crm.qa.tests.HomePageTest@2ed2d9cb]" started-at="2021-06-27T20:12:54 IST" name="CRMPROLogoImageTest" finished-at="2021-06-27T20:12:54 IST" duration-ms="611" status="PASS">
          <reporter-output>
          </reporter-output>
        </test-method> <!-- CRMPROLogoImageTest -->
        <test-method is-config="true" signature="tearDown()[pri:0, instance:com.crm.qa.tests.HomePageTest@2ed2d9cb]" started-at="2021-06-27T20:12:54 IST" name="tearDown" finished-at="2021-06-27T20:12:55 IST" duration-ms="1139" status="PASS">
          <reporter-output>
          </reporter-output>
        </test-method> <!-- tearDown -->
        <test-method is-config="true" signature="setUp()[pri:0, instance:com.crm.qa.tests.HomePageTest@2ed2d9cb]" started-at="2021-06-27T20:12:55 IST" name="setUp" finished-at="2021-06-27T20:13:13 IST" duration-ms="17255" status="PASS">
          <reporter-output>
          </reporter-output>
        </test-method> <!-- setUp -->
        <test-method signature="CRMPROUserNameTest()[pri:3, instance:com.crm.qa.tests.HomePageTest@2ed2d9cb]" started-at="2021-06-27T20:13:13 IST" name="CRMPROUserNameTest" finished-at="2021-06-27T20:13:13 IST" duration-ms="349" status="PASS">
          <reporter-output>
          </reporter-output>
        </test-method> <!-- CRMPROUserNameTest -->
        <test-method is-config="true" signature="tearDown()[pri:0, instance:com.crm.qa.tests.HomePageTest@2ed2d9cb]" started-at="2021-06-27T20:13:13 IST" name="tearDown" finished-at="2021-06-27T20:13:14 IST" duration-ms="1020" status="PASS">
          <reporter-output>
          </reporter-output>
        </test-method> <!-- tearDown -->
        <test-method is-config="true" signature="setUp()[pri:0, instance:com.crm.qa.tests.HomePageTest@2ed2d9cb]" started-at="2021-06-27T20:13:14 IST" name="setUp" finished-at="2021-06-27T20:13:32 IST" duration-ms="18204" status="PASS">
          <reporter-output>
          </reporter-output>
        </test-method> <!-- setUp -->
        <test-method signature="verifyContactsLinkTest()[pri:4, instance:com.crm.qa.tests.HomePageTest@2ed2d9cb]" started-at="2021-06-27T20:13:32 IST" name="verifyContactsLinkTest" finished-at="2021-06-27T20:13:34 IST" duration-ms="2078" status="PASS">
          <reporter-output>
          </reporter-output>
        </test-method> <!-- verifyContactsLinkTest -->
        <test-method is-config="true" signature="tearDown()[pri:0, instance:com.crm.qa.tests.HomePageTest@2ed2d9cb]" started-at="2021-06-27T20:13:34 IST" name="tearDown" finished-at="2021-06-27T20:13:35 IST" duration-ms="911" status="PASS">
          <reporter-output>
          </reporter-output>
        </test-method> <!-- tearDown -->
        <test-method is-config="true" signature="setUp()[pri:0, instance:com.crm.qa.tests.HomePageTest@2ed2d9cb]" started-at="2021-06-27T20:13:35 IST" name="setUp" finished-at="2021-06-27T20:13:55 IST" duration-ms="19650" status="PASS">
          <reporter-output>
          </reporter-output>
        </test-method> <!-- setUp -->
        <test-method signature="verifyDealsLinkTest()[pri:5, instance:com.crm.qa.tests.HomePageTest@2ed2d9cb]" started-at="2021-06-27T20:13:55 IST" name="verifyDealsLinkTest" finished-at="2021-06-27T20:13:57 IST" duration-ms="2558" status="PASS">
          <reporter-output>
          </reporter-output>
        </test-method> <!-- verifyDealsLinkTest -->
        <test-method is-config="true" signature="tearDown()[pri:0, instance:com.crm.qa.tests.HomePageTest@2ed2d9cb]" started-at="2021-06-27T20:13:57 IST" name="tearDown" finished-at="2021-06-27T20:13:58 IST" duration-ms="940" status="PASS">
          <reporter-output>
          </reporter-output>
        </test-method> <!-- tearDown -->
        <test-method is-config="true" signature="setUp()[pri:0, instance:com.crm.qa.tests.HomePageTest@2ed2d9cb]" started-at="2021-06-27T20:13:58 IST" name="setUp" finished-at="2021-06-27T20:14:17 IST" duration-ms="18881" status="PASS">
          <reporter-output>
          </reporter-output>
        </test-method> <!-- setUp -->
        <test-method signature="verifyTasksLinkTest()[pri:6, instance:com.crm.qa.tests.HomePageTest@2ed2d9cb]" started-at="2021-06-27T20:14:17 IST" name="verifyTasksLinkTest" finished-at="2021-06-27T20:14:19 IST" duration-ms="1704" status="PASS">
          <reporter-output>
          </reporter-output>
        </test-method> <!-- verifyTasksLinkTest -->
        <test-method is-config="true" signature="tearDown()[pri:0, instance:com.crm.qa.tests.HomePageTest@2ed2d9cb]" started-at="2021-06-27T20:14:19 IST" name="tearDown" finished-at="2021-06-27T20:14:20 IST" duration-ms="967" status="PASS">
          <reporter-output>
          </reporter-output>
        </test-method> <!-- tearDown -->
      </class> <!-- com.crm.qa.tests.HomePageTest -->
      <class name="com.crm.qa.tests.ContactsPageTest">
        <test-method is-config="true" signature="setUp()[pri:0, instance:com.crm.qa.tests.ContactsPageTest@d5b810e]" started-at="2021-06-27T20:14:20 IST" name="setUp" finished-at="2021-06-27T20:14:39 IST" duration-ms="19117" status="PASS">
          <reporter-output>
          </reporter-output>
        </test-method> <!-- setUp -->
        <test-method signature="verifyContactsPageLabel()[pri:1, instance:com.crm.qa.tests.ContactsPageTest@d5b810e]" started-at="2021-06-27T20:14:39 IST" name="verifyContactsPageLabel" finished-at="2021-06-27T20:14:42 IST" duration-ms="3029" status="PASS">
          <reporter-output>
          </reporter-output>
        </test-method> <!-- verifyContactsPageLabel -->
        <test-method is-config="true" signature="tearDown()[pri:0, instance:com.crm.qa.tests.ContactsPageTest@d5b810e]" started-at="2021-06-27T20:14:42 IST" name="tearDown" finished-at="2021-06-27T20:14:43 IST" duration-ms="1011" status="PASS">
          <reporter-output>
          </reporter-output>
        </test-method> <!-- tearDown -->
        <test-method is-config="true" signature="setUp()[pri:0, instance:com.crm.qa.tests.ContactsPageTest@d5b810e]" started-at="2021-06-27T20:14:43 IST" name="setUp" finished-at="2021-06-27T20:15:08 IST" duration-ms="24862" status="PASS">
          <reporter-output>
          </reporter-output>
        </test-method> <!-- setUp -->
        <test-method signature="selectsSingleContactsTest()[pri:2, instance:com.crm.qa.tests.ContactsPageTest@d5b810e]" started-at="2021-06-27T20:15:08 IST" name="selectsSingleContactsTest" finished-at="2021-06-27T20:15:20 IST" duration-ms="12511" status="PASS">
          <reporter-output>
          </reporter-output>
        </test-method> <!-- selectsSingleContactsTest -->
        <test-method is-config="true" signature="tearDown()[pri:0, instance:com.crm.qa.tests.ContactsPageTest@d5b810e]" started-at="2021-06-27T20:15:20 IST" name="tearDown" finished-at="2021-06-27T20:15:21 IST" duration-ms="953" status="PASS">
          <reporter-output>
          </reporter-output>
        </test-method> <!-- tearDown -->
        <test-method is-config="true" signature="setUp()[pri:0, instance:com.crm.qa.tests.ContactsPageTest@d5b810e]" started-at="2021-06-27T20:15:21 IST" name="setUp" finished-at="2021-06-27T20:15:40 IST" duration-ms="18259" status="PASS">
          <reporter-output>
          </reporter-output>
        </test-method> <!-- setUp -->
        <test-method signature="selectsMultipleContactsTest()[pri:3, instance:com.crm.qa.tests.ContactsPageTest@d5b810e]" started-at="2021-06-27T20:15:40 IST" name="selectsMultipleContactsTest" finished-at="2021-06-27T20:15:46 IST" duration-ms="5941" status="PASS">
          <reporter-output>
          </reporter-output>
        </test-method> <!-- selectsMultipleContactsTest -->
        <test-method is-config="true" signature="tearDown()[pri:0, instance:com.crm.qa.tests.ContactsPageTest@d5b810e]" started-at="2021-06-27T20:15:46 IST" name="tearDown" finished-at="2021-06-27T20:15:47 IST" duration-ms="947" status="PASS">
          <reporter-output>
          </reporter-output>
        </test-method> <!-- tearDown -->
        <test-method is-config="true" signature="setUp()[pri:0, instance:com.crm.qa.tests.ContactsPageTest@d5b810e]" started-at="2021-06-27T20:15:48 IST" name="setUp" finished-at="2021-06-27T20:16:07 IST" duration-ms="18593" status="PASS">
          <reporter-output>
          </reporter-output>
        </test-method> <!-- setUp -->
        <test-method signature="validateCreateNewContact(java.lang.String,java.lang.String,java.lang.String,java.lang.String,java.lang.String)[pri:4, instance:com.crm.qa.tests.ContactsPageTest@d5b810e]" started-at="2021-06-27T20:16:07 IST" name="validateCreateNewContact" data-provider="getCRMTestData" finished-at="2021-06-27T20:16:13 IST" duration-ms="6222" status="PASS">
          <params>
            <param index="0">
              <value>
                <![CDATA[Mr.]]>
              </value>
            </param>
            <param index="1">
              <value>
                <![CDATA[Tom]]>
              </value>
            </param>
            <param index="2">
              <value>
                <![CDATA[Peter]]>
              </value>
            </param>
            <param index="3">
              <value>
                <![CDATA[Google]]>
              </value>
            </param>
            <param index="4">
              <value>
                <![CDATA[Active]]>
              </value>
            </param>
          </params>
          <reporter-output>
          </reporter-output>
        </test-method> <!-- validateCreateNewContact -->
        <test-method is-config="true" signature="tearDown()[pri:0, instance:com.crm.qa.tests.ContactsPageTest@d5b810e]" started-at="2021-06-27T20:16:13 IST" name="tearDown" finished-at="2021-06-27T20:16:14 IST" duration-ms="1144" status="PASS">
          <reporter-output>
          </reporter-output>
        </test-method> <!-- tearDown -->
        <test-method is-config="true" signature="setUp()[pri:0, instance:com.crm.qa.tests.ContactsPageTest@d5b810e]" started-at="2021-06-27T20:16:14 IST" name="setUp" finished-at="2021-06-27T20:16:33 IST" duration-ms="18618" status="PASS">
          <reporter-output>
          </reporter-output>
        </test-method> <!-- setUp -->
        <test-method signature="validateCreateNewContact(java.lang.String,java.lang.String,java.lang.String,java.lang.String,java.lang.String)[pri:4, instance:com.crm.qa.tests.ContactsPageTest@d5b810e]" started-at="2021-06-27T20:16:33 IST" name="validateCreateNewContact" data-provider="getCRMTestData" finished-at="2021-06-27T20:16:39 IST" duration-ms="6699" status="PASS">
          <params>
            <param index="0">
              <value>
                <![CDATA[Dr.]]>
              </value>
            </param>
            <param index="1">
              <value>
                <![CDATA[David]]>
              </value>
            </param>
            <param index="2">
              <value>
                <![CDATA[Chris]]>
              </value>
            </param>
            <param index="3">
              <value>
                <![CDATA[Amazon]]>
              </value>
            </param>
            <param index="4">
              <value>
                <![CDATA[On Hold]]>
              </value>
            </param>
          </params>
          <reporter-output>
          </reporter-output>
        </test-method> <!-- validateCreateNewContact -->
        <test-method is-config="true" signature="tearDown()[pri:0, instance:com.crm.qa.tests.ContactsPageTest@d5b810e]" started-at="2021-06-27T20:16:39 IST" name="tearDown" finished-at="2021-06-27T20:16:40 IST" duration-ms="921" status="PASS">
          <reporter-output>
          </reporter-output>
        </test-method> <!-- tearDown -->
        <test-method is-config="true" signature="setUp()[pri:0, instance:com.crm.qa.tests.ContactsPageTest@d5b810e]" started-at="2021-06-27T20:16:40 IST" name="setUp" finished-at="2021-06-27T20:17:00 IST" duration-ms="20205" status="PASS">
          <reporter-output>
          </reporter-output>
        </test-method> <!-- setUp -->
        <test-method signature="validateCreateNewContact(java.lang.String,java.lang.String,java.lang.String,java.lang.String,java.lang.String)[pri:4, instance:com.crm.qa.tests.ContactsPageTest@d5b810e]" started-at="2021-06-27T20:17:00 IST" name="validateCreateNewContact" data-provider="getCRMTestData" finished-at="2021-06-27T20:17:08 IST" duration-ms="8062" status="PASS">
          <params>
            <param index="0">
              <value>
                <![CDATA[Mrs.]]>
              </value>
            </param>
            <param index="1">
              <value>
                <![CDATA[Mukta]]>
              </value>
            </param>
            <param index="2">
              <value>
                <![CDATA[Verma]]>
              </value>
            </param>
            <param index="3">
              <value>
                <![CDATA[Ebay]]>
              </value>
            </param>
            <param index="4">
              <value>
                <![CDATA[Terminated]]>
              </value>
            </param>
          </params>
          <reporter-output>
          </reporter-output>
        </test-method> <!-- validateCreateNewContact -->
        <test-method is-config="true" signature="tearDown()[pri:0, instance:com.crm.qa.tests.ContactsPageTest@d5b810e]" started-at="2021-06-27T20:17:08 IST" name="tearDown" finished-at="2021-06-27T20:17:09 IST" duration-ms="922" status="PASS">
          <reporter-output>
          </reporter-output>
        </test-method> <!-- tearDown -->
      </class> <!-- com.crm.qa.tests.ContactsPageTest -->
    </test> <!-- Free CRM PRO Tests -->
  </suite> <!-- Free CRM PRO Application Automation Test Suite -->
</testng-results>
