<?xml version="1.0" encoding="UTF-8"?>
<!-- Generated by org.testng.reporters.JUnitXMLReporter -->
<testsuite ignored="0" hostname="LAPTOP-P01DG4LS" failures="0" tests="15" name="Free CRM PRO Tests" time="345.895" errors="0" timestamp="2021-06-27T20:17:09 IST">
  <testcase classname="com.crm.qa.tests.LoginPageTest" name="loginPageTitleTest" time="0.281"/>
  <testcase classname="com.crm.qa.tests.LoginPageTest" name="CRMLogoImageTest" time="0.555"/>
  <testcase classname="com.crm.qa.tests.LoginPageTest" name="loginTest" time="11.305"/>
  <testcase classname="com.crm.qa.tests.HomePageTest" name="homePageTitleTest" time="0.031"/>
  <testcase classname="com.crm.qa.tests.HomePageTest" name="CRMPROLogoImageTest" time="0.611"/>
  <testcase classname="com.crm.qa.tests.HomePageTest" name="CRMPROUserNameTest" time="0.349"/>
  <testcase classname="com.crm.qa.tests.HomePageTest" name="verifyContactsLinkTest" time="2.078"/>
  <testcase classname="com.crm.qa.tests.HomePageTest" name="verifyDealsLinkTest" time="2.558"/>
  <testcase classname="com.crm.qa.tests.HomePageTest" name="verifyTasksLinkTest" time="1.704"/>
  <testcase classname="com.crm.qa.tests.ContactsPageTest" name="verifyContactsPageLabel" time="3.029"/>
  <testcase classname="com.crm.qa.tests.ContactsPageTest" name="selectsSingleContactsTest" time="12.511"/>
  <testcase classname="com.crm.qa.tests.ContactsPageTest" name="selectsMultipleContactsTest" time="5.941"/>
  <testcase classname="com.crm.qa.tests.ContactsPageTest" name="validateCreateNewContact" time="6.222"/>
  <testcase classname="com.crm.qa.tests.ContactsPageTest" name="validateCreateNewContact" time="6.699"/>
  <testcase classname="com.crm.qa.tests.ContactsPageTest" name="validateCreateNewContact" time="8.062"/>
</testsuite> <!-- Free CRM PRO Tests -->
